2022-04-01 11:25:31.599 INFO  org.hibernate.validator.internal.util.Version     :21   [32m                  [0;39m HV000001: Hibernate Validator 6.1.6.Final
2022-04-01 11:25:31.623 INFO  com.byf.mywiki.config.MywikiApplication           :55   [32m                  [0;39m Starting MywikiApplication using Java 1.8.0_181 on DESKTOP-5V0T0ET with PID 23792 (D:\mywiki2\target\classes started by Administrator in D:\mywiki2)
2022-04-01 11:25:31.624 INFO  com.byf.mywiki.config.MywikiApplication           :660  [32m                  [0;39m No active profile set, falling back to default profiles: default
2022-04-01 11:25:31.679 INFO  o.s.b.d.env.DevToolsPropertyDefaultsPostProcessor :255  [32m                  [0;39m Devtools property defaults active! Set 'spring.devtools.add-properties' to 'false' to disable
2022-04-01 11:25:31.680 INFO  o.s.b.d.env.DevToolsPropertyDefaultsPostProcessor :255  [32m                  [0;39m For additional web related logging consider setting the 'logging.level.web' property to 'DEBUG'
2022-04-01 11:25:32.329 INFO  o.s.d.r.config.RepositoryConfigurationDelegate    :250  [32m                  [0;39m Multiple Spring Data modules found, entering strict repository configuration mode!
2022-04-01 11:25:32.330 INFO  o.s.d.r.config.RepositoryConfigurationDelegate    :128  [32m                  [0;39m Bootstrapping Spring Data Redis repositories in DEFAULT mode.
2022-04-01 11:25:32.349 INFO  o.s.d.r.config.RepositoryConfigurationDelegate    :188  [32m                  [0;39m Finished Spring Data repository scanning in 4 ms. Found 0 Redis repository interfaces.
2022-04-01 11:25:33.075 INFO  o.s.boot.web.embedded.tomcat.TomcatWebServer      :108  [32m                  [0;39m Tomcat initialized with port(s): 8880 (http)
2022-04-01 11:25:33.080 INFO  org.apache.coyote.http11.Http11NioProtocol        :173  [32m                  [0;39m Initializing ProtocolHandler ["http-nio-8880"]
2022-04-01 11:25:33.081 INFO  org.apache.catalina.core.StandardService          :173  [32m                  [0;39m Starting service [Tomcat]
2022-04-01 11:25:33.081 INFO  org.apache.catalina.core.StandardEngine           :173  [32m                  [0;39m Starting Servlet engine: [Apache Tomcat/9.0.39]
2022-04-01 11:25:33.163 INFO  o.a.c.core.ContainerBase.[Tomcat].[localhost].[/] :173  [32m                  [0;39m Initializing Spring embedded WebApplicationContext
2022-04-01 11:25:33.163 INFO  o.s.b.w.s.c.ServletWebServerApplicationContext    :289  [32m                  [0;39m Root WebApplicationContext: initialization completed in 1482 ms
2022-04-01 11:25:33.622 INFO  o.s.scheduling.concurrent.ThreadPoolTaskExecutor  :181  [32m                  [0;39m Initializing ExecutorService 'applicationTaskExecutor'
2022-04-01 11:25:34.167 INFO  o.s.b.d.autoconfigure.OptionalLiveReloadServer    :58   [32m                  [0;39m LiveReload server is running on port 35729
2022-04-01 11:25:34.180 INFO  org.apache.coyote.http11.Http11NioProtocol        :173  [32m                  [0;39m Starting ProtocolHandler ["http-nio-8880"]
2022-04-01 11:25:34.199 INFO  o.s.boot.web.embedded.tomcat.TomcatWebServer      :220  [32m                  [0;39m Tomcat started on port(s): 8880 (http) with context path ''
2022-04-01 11:25:34.207 INFO  com.byf.mywiki.config.MywikiApplication           :61   [32m                  [0;39m Started MywikiApplication in 3.063 seconds (JVM running for 4.267)
2022-04-01 11:25:34.209 INFO  com.byf.mywiki.config.MywikiApplication           :24   [32m                  [0;39m å¯åŠ¨æˆåŠŸï¼ï¼
2022-04-01 11:25:34.209 INFO  com.byf.mywiki.config.MywikiApplication           :25   [32m                  [0;39m åœ°å€: 	http://127.0.0.1:8880
2022-04-01 11:25:36.491 INFO  o.a.c.core.ContainerBase.[Tomcat].[localhost].[/] :173  [32m                  [0;39m Initializing Spring DispatcherServlet 'dispatcherServlet'
2022-04-01 11:25:36.491 INFO  org.springframework.web.servlet.DispatcherServlet :525  [32m                  [0;39m Initializing Servlet 'dispatcherServlet'
2022-04-01 11:25:36.493 INFO  org.springframework.web.servlet.DispatcherServlet :547  [32m                  [0;39m Completed initialization in 0 ms
2022-04-01 11:25:36.501 INFO  com.byf.mywiki.filter.LogFilter                   :25   [32m                  [0;39m ------------- LogFilter å¼€å§‹ -------------
2022-04-01 11:25:36.501 INFO  com.byf.mywiki.filter.LogFilter                   :26   [32m                  [0;39m è¯·æ±‚åœ°å€: http://127.0.0.1:8880/ GET
2022-04-01 11:25:36.502 INFO  com.byf.mywiki.filter.LogFilter                   :27   [32m                  [0;39m è¿œç¨‹åœ°å€: 127.0.0.1
2022-04-01 11:25:36.523 INFO  com.byf.mywiki.filter.LogFilter                   :31   [32m                  [0;39m ------------- LogFilter ç»“æŸ è€—æ—¶ï¼š21 ms -------------
2022-04-01 11:25:36.744 INFO  com.byf.mywiki.filter.LogFilter                   :25   [32m                  [0;39m ------------- LogFilter å¼€å§‹ -------------
2022-04-01 11:25:36.744 INFO  com.byf.mywiki.filter.LogFilter                   :26   [32m                  [0;39m è¯·æ±‚åœ°å€: http://127.0.0.1:8880/favicon.ico GET
2022-04-01 11:25:36.744 INFO  com.byf.mywiki.filter.LogFilter                   :27   [32m                  [0;39m è¿œç¨‹åœ°å€: 127.0.0.1
2022-04-01 11:25:36.747 INFO  com.byf.mywiki.filter.LogFilter                   :31   [32m                  [0;39m ------------- LogFilter ç»“æŸ è€—æ—¶ï¼š2 ms -------------
2022-04-01 11:25:41.067 INFO  com.byf.mywiki.filter.LogFilter                   :25   [32m                  [0;39m ------------- LogFilter å¼€å§‹ -------------
2022-04-01 11:25:41.068 INFO  com.byf.mywiki.filter.LogFilter                   :26   [32m                  [0;39m è¯·æ±‚åœ°å€: http://127.0.0.1:8880/ebook/list GET
2022-04-01 11:25:41.068 INFO  com.byf.mywiki.filter.LogFilter                   :27   [32m                  [0;39m è¿œç¨‹åœ°å€: 127.0.0.1
2022-04-01 11:25:41.095 INFO  com.byf.mywiki.aspect.LogAspect                   :53   [32m164938241143869440[0;39m ------------- å¼€å§‹ -------------
2022-04-01 11:25:41.095 INFO  com.byf.mywiki.aspect.LogAspect                   :54   [32m164938241143869440[0;39m è¯·æ±‚åœ°å€: http://127.0.0.1:8880/ebook/list GET
2022-04-01 11:25:41.095 INFO  com.byf.mywiki.aspect.LogAspect                   :55   [32m164938241143869440[0;39m ç±»åæ–¹æ³•: com.byf.mywiki.controller.EbookController.list
2022-04-01 11:25:41.095 INFO  com.byf.mywiki.aspect.LogAspect                   :56   [32m164938241143869440[0;39m è¿œç¨‹åœ°å€: 127.0.0.1
2022-04-01 11:25:41.146 INFO  com.byf.mywiki.aspect.LogAspect                   :78   [32m164938241143869440[0;39m è¯·æ±‚å‚æ•°: [{}]
2022-04-01 11:25:41.187 INFO  com.zaxxer.hikari.HikariDataSource                :110  [32m164938241143869440[0;39m HikariPool-1 - Starting...
2022-04-01 11:25:41.327 INFO  com.zaxxer.hikari.HikariDataSource                :123  [32m164938241143869440[0;39m HikariPool-1 - Start completed.
2022-04-01 11:25:41.367 INFO  com.byf.mywiki.aspect.LogAspect                   :90   [32m164938241143869440[0;39m è¿”å›žç»“æžœ: {"content":[{"cover":"/image/cover1.png","description":"javaå…¥é—¨","id":1,"name":"Springboot"},{"cover":"/image/cover2.png","description":"javaå…¥é—¨","id":2,"name":"Spring"},{"description":"javaå…¥é—¨","id":3,"name":"SpringMVC"},{"description":"javaå…¥é—¨","id":4,"name":"Mybatis"}],"success":true}
2022-04-01 11:25:41.367 INFO  com.byf.mywiki.aspect.LogAspect                   :91   [32m164938241143869440[0;39m ------------- ç»“æŸ è€—æ—¶ï¼š274 ms -------------
2022-04-01 11:25:41.379 INFO  com.byf.mywiki.filter.LogFilter                   :31   [32m164938241143869440[0;39m ------------- LogFilter ç»“æŸ è€—æ—¶ï¼š311 ms -------------
2022-04-01 11:25:42.893 INFO  com.byf.mywiki.filter.LogFilter                   :25   [32m                  [0;39m ------------- LogFilter å¼€å§‹ -------------
2022-04-01 11:25:42.893 INFO  com.byf.mywiki.filter.LogFilter                   :26   [32m                  [0;39m è¯·æ±‚åœ°å€: http://127.0.0.1:8880/ebook/list GET
2022-04-01 11:25:42.893 INFO  com.byf.mywiki.filter.LogFilter                   :27   [32m                  [0;39m è¿œç¨‹åœ°å€: 127.0.0.1
2022-04-01 11:25:42.894 INFO  com.byf.mywiki.aspect.LogAspect                   :53   [32m164938248697810944[0;39m ------------- å¼€å§‹ -------------
2022-04-01 11:25:42.895 INFO  com.byf.mywiki.aspect.LogAspect                   :54   [32m164938248697810944[0;39m è¯·æ±‚åœ°å€: http://127.0.0.1:8880/ebook/list GET
2022-04-01 11:25:42.895 INFO  com.byf.mywiki.aspect.LogAspect                   :55   [32m164938248697810944[0;39m ç±»åæ–¹æ³•: com.byf.mywiki.controller.EbookController.list
2022-04-01 11:25:42.895 INFO  com.byf.mywiki.aspect.LogAspect                   :56   [32m164938248697810944[0;39m è¿œç¨‹åœ°å€: 127.0.0.1
2022-04-01 11:25:42.895 INFO  com.byf.mywiki.aspect.LogAspect                   :78   [32m164938248697810944[0;39m è¯·æ±‚å‚æ•°: [{}]
2022-04-01 11:25:42.899 INFO  com.byf.mywiki.aspect.LogAspect                   :90   [32m164938248697810944[0;39m è¿”å›žç»“æžœ: {"content":[{"cover":"/image/cover1.png","description":"javaå…¥é—¨","id":1,"name":"Springboot"},{"cover":"/image/cover2.png","description":"javaå…¥é—¨","id":2,"name":"Spring"},{"description":"javaå…¥é—¨","id":3,"name":"SpringMVC"},{"description":"javaå…¥é—¨","id":4,"name":"Mybatis"}],"success":true}
2022-04-01 11:25:42.900 INFO  com.byf.mywiki.aspect.LogAspect                   :91   [32m164938248697810944[0;39m ------------- ç»“æŸ è€—æ—¶ï¼š6 ms -------------
2022-04-01 11:25:42.902 INFO  com.byf.mywiki.filter.LogFilter                   :31   [32m164938248697810944[0;39m ------------- LogFilter ç»“æŸ è€—æ—¶ï¼š8 ms -------------
2022-04-01 11:25:43.760 INFO  com.byf.mywiki.filter.LogFilter                   :25   [32m                  [0;39m ------------- LogFilter å¼€å§‹ -------------
2022-04-01 11:25:43.760 INFO  com.byf.mywiki.filter.LogFilter                   :26   [32m                  [0;39m è¯·æ±‚åœ°å€: http://127.0.0.1:8880/ebook/list GET
2022-04-01 11:25:43.760 INFO  com.byf.mywiki.filter.LogFilter                   :27   [32m                  [0;39m è¿œç¨‹åœ°å€: 127.0.0.1
2022-04-01 11:25:43.761 INFO  com.byf.mywiki.aspect.LogAspect                   :53   [32m164938252334272512[0;39m ------------- å¼€å§‹ -------------
2022-04-01 11:25:43.761 INFO  com.byf.mywiki.aspect.LogAspect                   :54   [32m164938252334272512[0;39m è¯·æ±‚åœ°å€: http://127.0.0.1:8880/ebook/list GET
2022-04-01 11:25:43.761 INFO  com.byf.mywiki.aspect.LogAspect                   :55   [32m164938252334272512[0;39m ç±»åæ–¹æ³•: com.byf.mywiki.controller.EbookController.list
2022-04-01 11:25:43.761 INFO  com.byf.mywiki.aspect.LogAspect                   :56   [32m164938252334272512[0;39m è¿œç¨‹åœ°å€: 127.0.0.1
2022-04-01 11:25:43.762 INFO  com.byf.mywiki.aspect.LogAspect                   :78   [32m164938252334272512[0;39m è¯·æ±‚å‚æ•°: [{}]
2022-04-01 11:25:43.764 INFO  com.byf.mywiki.aspect.LogAspect                   :90   [32m164938252334272512[0;39m è¿”å›žç»“æžœ: {"content":[{"cover":"/image/cover1.png","description":"javaå…¥é—¨","id":1,"name":"Springboot"},{"cover":"/image/cover2.png","description":"javaå…¥é—¨","id":2,"name":"Spring"},{"description":"javaå…¥é—¨","id":3,"name":"SpringMVC"},{"description":"javaå…¥é—¨","id":4,"name":"Mybatis"}],"success":true}
2022-04-01 11:25:43.765 INFO  com.byf.mywiki.aspect.LogAspect                   :91   [32m164938252334272512[0;39m ------------- ç»“æŸ è€—æ—¶ï¼š4 ms -------------
2022-04-01 11:25:43.767 INFO  com.byf.mywiki.filter.LogFilter                   :31   [32m164938252334272512[0;39m ------------- LogFilter ç»“æŸ è€—æ—¶ï¼š7 ms -------------
2022-04-01 11:25:45.120 INFO  com.byf.mywiki.filter.LogFilter                   :25   [32m                  [0;39m ------------- LogFilter å¼€å§‹ -------------
2022-04-01 11:25:45.120 INFO  com.byf.mywiki.filter.LogFilter                   :26   [32m                  [0;39m è¯·æ±‚åœ°å€: http://127.0.0.1:8880/ebook/list GET
2022-04-01 11:25:45.120 INFO  com.byf.mywiki.filter.LogFilter                   :27   [32m                  [0;39m è¿œç¨‹åœ°å€: 127.0.0.1
2022-04-01 11:25:45.121 INFO  com.byf.mywiki.aspect.LogAspect                   :53   [32m164938258038525952[0;39m ------------- å¼€å§‹ -------------
2022-04-01 11:25:45.122 INFO  com.byf.mywiki.aspect.LogAspect                   :54   [32m164938258038525952[0;39m è¯·æ±‚åœ°å€: http://127.0.0.1:8880/ebook/list GET
2022-04-01 11:25:45.122 INFO  com.byf.mywiki.aspect.LogAspect                   :55   [32m164938258038525952[0;39m ç±»åæ–¹æ³•: com.byf.mywiki.controller.EbookController.list
2022-04-01 11:25:45.122 INFO  com.byf.mywiki.aspect.LogAspect                   :56   [32m164938258038525952[0;39m è¿œç¨‹åœ°å€: 127.0.0.1
2022-04-01 11:25:45.122 INFO  com.byf.mywiki.aspect.LogAspect                   :78   [32m164938258038525952[0;39m è¯·æ±‚å‚æ•°: [{}]
2022-04-01 11:25:45.127 INFO  com.byf.mywiki.aspect.LogAspect                   :90   [32m164938258038525952[0;39m è¿”å›žç»“æžœ: {"content":[{"cover":"/image/cover1.png","description":"javaå…¥é—¨","id":1,"name":"Springboot"},{"cover":"/image/cover2.png","description":"javaå…¥é—¨","id":2,"name":"Spring"},{"description":"javaå…¥é—¨","id":3,"name":"SpringMVC"},{"description":"javaå…¥é—¨","id":4,"name":"Mybatis"}],"success":true}
2022-04-01 11:25:45.128 INFO  com.byf.mywiki.aspect.LogAspect                   :91   [32m164938258038525952[0;39m ------------- ç»“æŸ è€—æ—¶ï¼š7 ms -------------
2022-04-01 11:25:45.130 INFO  com.byf.mywiki.filter.LogFilter                   :31   [32m164938258038525952[0;39m ------------- LogFilter ç»“æŸ è€—æ—¶ï¼š10 ms -------------
2022-04-01 11:25:45.468 INFO  com.byf.mywiki.filter.LogFilter                   :25   [32m                  [0;39m ------------- LogFilter å¼€å§‹ -------------
2022-04-01 11:25:45.468 INFO  com.byf.mywiki.filter.LogFilter                   :26   [32m                  [0;39m è¯·æ±‚åœ°å€: http://127.0.0.1:8880/ebook/list GET
2022-04-01 11:25:45.468 INFO  com.byf.mywiki.filter.LogFilter                   :27   [32m                  [0;39m è¿œç¨‹åœ°å€: 127.0.0.1
2022-04-01 11:25:45.469 INFO  com.byf.mywiki.aspect.LogAspect                   :53   [32m164938259498143744[0;39m ------------- å¼€å§‹ -------------
2022-04-01 11:25:45.469 INFO  com.byf.mywiki.aspect.LogAspect                   :54   [32m164938259498143744[0;39m è¯·æ±‚åœ°å€: http://127.0.0.1:8880/ebook/list GET
2022-04-01 11:25:45.469 INFO  com.byf.mywiki.aspect.LogAspect                   :55   [32m164938259498143744[0;39m ç±»åæ–¹æ³•: com.byf.mywiki.controller.EbookController.list
2022-04-01 11:25:45.469 INFO  com.byf.mywiki.aspect.LogAspect                   :56   [32m164938259498143744[0;39m è¿œç¨‹åœ°å€: 127.0.0.1
2022-04-01 11:25:45.470 INFO  com.byf.mywiki.aspect.LogAspect                   :78   [32m164938259498143744[0;39m è¯·æ±‚å‚æ•°: [{}]
2022-04-01 11:25:45.472 INFO  com.byf.mywiki.aspect.LogAspect                   :90   [32m164938259498143744[0;39m è¿”å›žç»“æžœ: {"content":[{"cover":"/image/cover1.png","description":"javaå…¥é—¨","id":1,"name":"Springboot"},{"cover":"/image/cover2.png","description":"javaå…¥é—¨","id":2,"name":"Spring"},{"description":"javaå…¥é—¨","id":3,"name":"SpringMVC"},{"description":"javaå…¥é—¨","id":4,"name":"Mybatis"}],"success":true}
2022-04-01 11:25:45.473 INFO  com.byf.mywiki.aspect.LogAspect                   :91   [32m164938259498143744[0;39m ------------- ç»“æŸ è€—æ—¶ï¼š4 ms -------------
2022-04-01 11:25:45.476 INFO  com.byf.mywiki.filter.LogFilter                   :31   [32m164938259498143744[0;39m ------------- LogFilter ç»“æŸ è€—æ—¶ï¼š8 ms -------------
2022-04-01 11:25:45.715 INFO  com.byf.mywiki.filter.LogFilter                   :25   [32m                  [0;39m ------------- LogFilter å¼€å§‹ -------------
2022-04-01 11:25:45.715 INFO  com.byf.mywiki.filter.LogFilter                   :26   [32m                  [0;39m è¯·æ±‚åœ°å€: http://127.0.0.1:8880/ebook/list GET
2022-04-01 11:25:45.715 INFO  com.byf.mywiki.filter.LogFilter                   :27   [32m                  [0;39m è¿œç¨‹åœ°å€: 127.0.0.1
2022-04-01 11:25:45.716 INFO  com.byf.mywiki.aspect.LogAspect                   :53   [32m164938260534136832[0;39m ------------- å¼€å§‹ -------------
2022-04-01 11:25:45.716 INFO  com.byf.mywiki.aspect.LogAspect                   :54   [32m164938260534136832[0;39m è¯·æ±‚åœ°å€: http://127.0.0.1:8880/ebook/list GET
2022-04-01 11:25:45.717 INFO  com.byf.mywiki.aspect.LogAspect                   :55   [32m164938260534136832[0;39m ç±»åæ–¹æ³•: com.byf.mywiki.controller.EbookController.list
2022-04-01 11:25:45.717 INFO  com.byf.mywiki.aspect.LogAspect                   :56   [32m164938260534136832[0;39m è¿œç¨‹åœ°å€: 127.0.0.1
2022-04-01 11:25:45.717 INFO  com.byf.mywiki.aspect.LogAspect                   :78   [32m164938260534136832[0;39m è¯·æ±‚å‚æ•°: [{}]
2022-04-01 11:25:45.720 INFO  com.byf.mywiki.aspect.LogAspect                   :90   [32m164938260534136832[0;39m è¿”å›žç»“æžœ: {"content":[{"cover":"/image/cover1.png","description":"javaå…¥é—¨","id":1,"name":"Springboot"},{"cover":"/image/cover2.png","description":"javaå…¥é—¨","id":2,"name":"Spring"},{"description":"javaå…¥é—¨","id":3,"name":"SpringMVC"},{"description":"javaå…¥é—¨","id":4,"name":"Mybatis"}],"success":true}
2022-04-01 11:25:45.720 INFO  com.byf.mywiki.aspect.LogAspect                   :91   [32m164938260534136832[0;39m ------------- ç»“æŸ è€—æ—¶ï¼š4 ms -------------
2022-04-01 11:25:45.722 INFO  com.byf.mywiki.filter.LogFilter                   :31   [32m164938260534136832[0;39m ------------- LogFilter ç»“æŸ è€—æ—¶ï¼š7 ms -------------
2022-04-01 11:25:46.019 INFO  com.byf.mywiki.filter.LogFilter                   :25   [32m                  [0;39m ------------- LogFilter å¼€å§‹ -------------
2022-04-01 11:25:46.019 INFO  com.byf.mywiki.filter.LogFilter                   :26   [32m                  [0;39m è¯·æ±‚åœ°å€: http://127.0.0.1:8880/ebook/list GET
2022-04-01 11:25:46.020 INFO  com.byf.mywiki.filter.LogFilter                   :27   [32m                  [0;39m è¿œç¨‹åœ°å€: 127.0.0.1
2022-04-01 11:25:46.020 INFO  com.byf.mywiki.aspect.LogAspect                   :53   [32m164938261809205248[0;39m ------------- å¼€å§‹ -------------
2022-04-01 11:25:46.021 INFO  com.byf.mywiki.aspect.LogAspect                   :54   [32m164938261809205248[0;39m è¯·æ±‚åœ°å€: http://127.0.0.1:8880/ebook/list GET
2022-04-01 11:25:46.021 INFO  com.byf.mywiki.aspect.LogAspect                   :55   [32m164938261809205248[0;39m ç±»åæ–¹æ³•: com.byf.mywiki.controller.EbookController.list
2022-04-01 11:25:46.021 INFO  com.byf.mywiki.aspect.LogAspect                   :56   [32m164938261809205248[0;39m è¿œç¨‹åœ°å€: 127.0.0.1
2022-04-01 11:25:46.021 INFO  com.byf.mywiki.aspect.LogAspect                   :78   [32m164938261809205248[0;39m è¯·æ±‚å‚æ•°: [{}]
2022-04-01 11:25:46.024 INFO  com.byf.mywiki.aspect.LogAspect                   :90   [32m164938261809205248[0;39m è¿”å›žç»“æžœ: {"content":[{"cover":"/image/cover1.png","description":"javaå…¥é—¨","id":1,"name":"Springboot"},{"cover":"/image/cover2.png","description":"javaå…¥é—¨","id":2,"name":"Spring"},{"description":"javaå…¥é—¨","id":3,"name":"SpringMVC"},{"description":"javaå…¥é—¨","id":4,"name":"Mybatis"}],"success":true}
2022-04-01 11:25:46.024 INFO  com.byf.mywiki.aspect.LogAspect                   :91   [32m164938261809205248[0;39m ------------- ç»“æŸ è€—æ—¶ï¼š4 ms -------------
2022-04-01 11:25:46.026 INFO  com.byf.mywiki.filter.LogFilter                   :31   [32m164938261809205248[0;39m ------------- LogFilter ç»“æŸ è€—æ—¶ï¼š6 ms -------------
2022-04-01 11:25:46.239 INFO  com.byf.mywiki.filter.LogFilter                   :25   [32m                  [0;39m ------------- LogFilter å¼€å§‹ -------------
2022-04-01 11:25:46.239 INFO  com.byf.mywiki.filter.LogFilter                   :26   [32m                  [0;39m è¯·æ±‚åœ°å€: http://127.0.0.1:8880/ebook/list GET
2022-04-01 11:25:46.239 INFO  com.byf.mywiki.filter.LogFilter                   :27   [32m                  [0;39m è¿œç¨‹åœ°å€: 127.0.0.1
2022-04-01 11:25:46.240 INFO  com.byf.mywiki.aspect.LogAspect                   :53   [32m164938262731952128[0;39m ------------- å¼€å§‹ -------------
2022-04-01 11:25:46.240 INFO  com.byf.mywiki.aspect.LogAspect                   :54   [32m164938262731952128[0;39m è¯·æ±‚åœ°å€: http://127.0.0.1:8880/ebook/list GET
2022-04-01 11:25:46.241 INFO  com.byf.mywiki.aspect.LogAspect                   :55   [32m164938262731952128[0;39m ç±»åæ–¹æ³•: com.byf.mywiki.controller.EbookController.list
2022-04-01 11:25:46.241 INFO  com.byf.mywiki.aspect.LogAspect                   :56   [32m164938262731952128[0;39m è¿œç¨‹åœ°å€: 127.0.0.1
2022-04-01 11:25:46.241 INFO  com.byf.mywiki.aspect.LogAspect                   :78   [32m164938262731952128[0;39m è¯·æ±‚å‚æ•°: [{}]
2022-04-01 11:25:46.244 INFO  com.byf.mywiki.aspect.LogAspect                   :90   [32m164938262731952128[0;39m è¿”å›žç»“æžœ: {"content":[{"cover":"/image/cover1.png","description":"javaå…¥é—¨","id":1,"name":"Springboot"},{"cover":"/image/cover2.png","description":"javaå…¥é—¨","id":2,"name":"Spring"},{"description":"javaå…¥é—¨","id":3,"name":"SpringMVC"},{"description":"javaå…¥é—¨","id":4,"name":"Mybatis"}],"success":true}
2022-04-01 11:25:46.244 INFO  com.byf.mywiki.aspect.LogAspect                   :91   [32m164938262731952128[0;39m ------------- ç»“æŸ è€—æ—¶ï¼š4 ms -------------
2022-04-01 11:25:46.247 INFO  com.byf.mywiki.filter.LogFilter                   :31   [32m164938262731952128[0;39m ------------- LogFilter ç»“æŸ è€—æ—¶ï¼š8 ms -------------
2022-04-01 11:27:59.419 INFO  o.s.scheduling.concurrent.ThreadPoolTaskExecutor  :218  [32m                  [0;39m Shutting down ExecutorService 'applicationTaskExecutor'
2022-04-01 11:27:59.420 INFO  com.zaxxer.hikari.HikariDataSource                :350  [32m                  [0;39m HikariPool-1 - Shutdown initiated...
2022-04-01 11:27:59.438 INFO  com.zaxxer.hikari.HikariDataSource                :352  [32m                  [0;39m HikariPool-1 - Shutdown completed.
2022-04-01 11:27:59.557 INFO  com.byf.mywiki.config.MywikiApplication           :55   [32m                  [0;39m Starting MywikiApplication using Java 1.8.0_181 on DESKTOP-5V0T0ET with PID 23792 (D:\mywiki2\target\classes started by Administrator in D:\mywiki2)
2022-04-01 11:27:59.558 INFO  com.byf.mywiki.config.MywikiApplication           :660  [32m                  [0;39m No active profile set, falling back to default profiles: default
2022-04-01 11:27:59.696 INFO  o.s.d.r.config.RepositoryConfigurationDelegate    :250  [32m                  [0;39m Multiple Spring Data modules found, entering strict repository configuration mode!
2022-04-01 11:27:59.696 INFO  o.s.d.r.config.RepositoryConfigurationDelegate    :128  [32m                  [0;39m Bootstrapping Spring Data Redis repositories in DEFAULT mode.
2022-04-01 11:27:59.698 INFO  o.s.d.r.config.RepositoryConfigurationDelegate    :188  [32m                  [0;39m Finished Spring Data repository scanning in 1 ms. Found 0 Redis repository interfaces.
2022-04-01 11:27:59.835 INFO  o.s.boot.web.embedded.tomcat.TomcatWebServer      :108  [32m                  [0;39m Tomcat initialized with port(s): 8880 (http)
2022-04-01 11:27:59.836 INFO  org.apache.coyote.http11.Http11NioProtocol        :173  [32m                  [0;39m Initializing ProtocolHandler ["http-nio-8880"]
2022-04-01 11:27:59.837 INFO  org.apache.catalina.core.StandardService          :173  [32m                  [0;39m Starting service [Tomcat]
2022-04-01 11:27:59.837 INFO  org.apache.catalina.core.StandardEngine           :173  [32m                  [0;39m Starting Servlet engine: [Apache Tomcat/9.0.39]
2022-04-01 11:27:59.864 INFO  o.a.c.core.ContainerBase.[Tomcat].[localhost].[/] :173  [32m                  [0;39m Initializing Spring embedded WebApplicationContext
2022-04-01 11:27:59.865 INFO  o.s.b.w.s.c.ServletWebServerApplicationContext    :289  [32m                  [0;39m Root WebApplicationContext: initialization completed in 304 ms
2022-04-01 11:28:00.043 INFO  o.s.scheduling.concurrent.ThreadPoolTaskExecutor  :181  [32m                  [0;39m Initializing ExecutorService 'applicationTaskExecutor'
2022-04-01 11:28:00.281 INFO  o.s.b.d.autoconfigure.OptionalLiveReloadServer    :58   [32m                  [0;39m LiveReload server is running on port 35729
2022-04-01 11:28:00.290 INFO  org.apache.coyote.http11.Http11NioProtocol        :173  [32m                  [0;39m Starting ProtocolHandler ["http-nio-8880"]
2022-04-01 11:28:00.297 INFO  o.s.boot.web.embedded.tomcat.TomcatWebServer      :220  [32m                  [0;39m Tomcat started on port(s): 8880 (http) with context path ''
2022-04-01 11:28:00.300 INFO  com.byf.mywiki.config.MywikiApplication           :61   [32m                  [0;39m Started MywikiApplication in 0.77 seconds (JVM running for 150.361)
2022-04-01 11:28:00.301 INFO  o.s.b.d.a.ConditionEvaluationDeltaLoggingListener :63   [32m                  [0;39m Condition evaluation unchanged
2022-04-01 11:28:00.302 INFO  com.byf.mywiki.config.MywikiApplication           :24   [32m                  [0;39m å¯åŠ¨æˆåŠŸï¼ï¼
2022-04-01 11:28:00.302 INFO  com.byf.mywiki.config.MywikiApplication           :25   [32m                  [0;39m åœ°å€: 	http://127.0.0.1:8880
2022-04-01 11:28:02.160 INFO  o.s.scheduling.concurrent.ThreadPoolTaskExecutor  :218  [32m                  [0;39m Shutting down ExecutorService 'applicationTaskExecutor'
2022-04-01 11:28:02.281 INFO  com.byf.mywiki.config.MywikiApplication           :55   [32m                  [0;39m Starting MywikiApplication using Java 1.8.0_181 on DESKTOP-5V0T0ET with PID 23792 (D:\mywiki2\target\classes started by Administrator in D:\mywiki2)
2022-04-01 11:28:02.282 INFO  com.byf.mywiki.config.MywikiApplication           :660  [32m                  [0;39m No active profile set, falling back to default profiles: default
2022-04-01 11:28:02.389 INFO  o.s.d.r.config.RepositoryConfigurationDelegate    :250  [32m                  [0;39m Multiple Spring Data modules found, entering strict repository configuration mode!
2022-04-01 11:28:02.389 INFO  o.s.d.r.config.RepositoryConfigurationDelegate    :128  [32m                  [0;39m Bootstrapping Spring Data Redis repositories in DEFAULT mode.
2022-04-01 11:28:02.391 INFO  o.s.d.r.config.RepositoryConfigurationDelegate    :188  [32m                  [0;39m Finished Spring Data repository scanning in 1 ms. Found 0 Redis repository interfaces.
2022-04-01 11:28:02.465 INFO  o.s.boot.web.embedded.tomcat.TomcatWebServer      :108  [32m                  [0;39m Tomcat initialized with port(s): 8880 (http)
2022-04-01 11:28:02.466 INFO  org.apache.coyote.http11.Http11NioProtocol        :173  [32m                  [0;39m Initializing ProtocolHandler ["http-nio-8880"]
2022-04-01 11:28:02.466 INFO  org.apache.catalina.core.StandardService          :173  [32m                  [0;39m Starting service [Tomcat]
2022-04-01 11:28:02.466 INFO  org.apache.catalina.core.StandardEngine           :173  [32m                  [0;39m Starting Servlet engine: [Apache Tomcat/9.0.39]
2022-04-01 11:28:02.493 INFO  o.a.c.core.ContainerBase.[Tomcat].[localhost].[/] :173  [32m                  [0;39m Initializing Spring embedded WebApplicationContext
2022-04-01 11:28:02.493 INFO  o.s.b.w.s.c.ServletWebServerApplicationContext    :289  [32m                  [0;39m Root WebApplicationContext: initialization completed in 209 ms
2022-04-01 11:28:02.648 INFO  o.s.scheduling.concurrent.ThreadPoolTaskExecutor  :181  [32m                  [0;39m Initializing ExecutorService 'applicationTaskExecutor'
2022-04-01 11:28:02.826 INFO  o.s.b.d.autoconfigure.OptionalLiveReloadServer    :58   [32m                  [0;39m LiveReload server is running on port 35729
2022-04-01 11:28:02.832 INFO  org.apache.coyote.http11.Http11NioProtocol        :173  [32m                  [0;39m Starting ProtocolHandler ["http-nio-8880"]
2022-04-01 11:28:02.840 INFO  o.s.boot.web.embedded.tomcat.TomcatWebServer      :220  [32m                  [0;39m Tomcat started on port(s): 8880 (http) with context path ''
2022-04-01 11:28:02.843 INFO  com.byf.mywiki.config.MywikiApplication           :61   [32m                  [0;39m Started MywikiApplication in 0.586 seconds (JVM running for 152.904)
2022-04-01 11:28:02.844 INFO  o.s.b.d.a.ConditionEvaluationDeltaLoggingListener :63   [32m                  [0;39m Condition evaluation unchanged
2022-04-01 11:28:02.845 INFO  com.byf.mywiki.config.MywikiApplication           :24   [32m                  [0;39m å¯åŠ¨æˆåŠŸï¼ï¼
2022-04-01 11:28:02.845 INFO  com.byf.mywiki.config.MywikiApplication           :25   [32m                  [0;39m åœ°å€: 	http://127.0.0.1:8880
2022-04-01 11:28:34.411 INFO  o.a.c.core.ContainerBase.[Tomcat].[localhost].[/] :173  [32m                  [0;39m Initializing Spring DispatcherServlet 'dispatcherServlet'
2022-04-01 11:28:34.412 INFO  org.springframework.web.servlet.DispatcherServlet :525  [32m                  [0;39m Initializing Servlet 'dispatcherServlet'
2022-04-01 11:28:34.413 INFO  org.springframework.web.servlet.DispatcherServlet :547  [32m                  [0;39m Completed initialization in 1 ms
2022-04-01 11:28:34.413 INFO  com.byf.mywiki.filter.LogFilter                   :25   [32m                  [0;39m ------------- LogFilter å¼€å§‹ -------------
2022-04-01 11:28:34.413 INFO  com.byf.mywiki.filter.LogFilter                   :26   [32m                  [0;39m è¯·æ±‚åœ°å€: http://localhost:8880/ebook/list GET
2022-04-01 11:28:34.413 INFO  com.byf.mywiki.filter.LogFilter                   :27   [32m                  [0;39m è¿œç¨‹åœ°å€: 127.0.0.1
2022-04-01 11:28:34.415 INFO  com.byf.mywiki.aspect.LogAspect                   :53   [32m164938968109027328[0;39m ------------- å¼€å§‹ -------------
2022-04-01 11:28:34.415 INFO  com.byf.mywiki.aspect.LogAspect                   :54   [32m164938968109027328[0;39m è¯·æ±‚åœ°å€: http://localhost:8880/ebook/list GET
2022-04-01 11:28:34.415 INFO  com.byf.mywiki.aspect.LogAspect                   :55   [32m164938968109027328[0;39m ç±»åæ–¹æ³•: com.byf.mywiki.controller.EbookController.list
2022-04-01 11:28:34.415 INFO  com.byf.mywiki.aspect.LogAspect                   :56   [32m164938968109027328[0;39m è¿œç¨‹åœ°å€: 127.0.0.1
2022-04-01 11:28:34.417 INFO  com.byf.mywiki.aspect.LogAspect                   :78   [32m164938968109027328[0;39m è¯·æ±‚å‚æ•°: [{}]
2022-04-01 11:28:34.423 INFO  com.zaxxer.hikari.HikariDataSource                :110  [32m164938968109027328[0;39m HikariPool-2 - Starting...
2022-04-01 11:28:34.431 INFO  com.zaxxer.hikari.HikariDataSource                :123  [32m164938968109027328[0;39m HikariPool-2 - Start completed.
2022-04-01 11:28:34.463 INFO  com.byf.mywiki.aspect.LogAspect                   :90   [32m164938968109027328[0;39m è¿”å›žç»“æžœ: {"content":[{"cover":"/image/cover1.png","description":"javaå…¥é—¨","id":1,"name":"Springboot"},{"cover":"/image/cover2.png","description":"javaå…¥é—¨","id":2,"name":"Spring"},{"description":"javaå…¥é—¨","id":3,"name":"SpringMVC"}],"success":true}
2022-04-01 11:28:34.463 INFO  com.byf.mywiki.aspect.LogAspect                   :91   [32m164938968109027328[0;39m ------------- ç»“æŸ è€—æ—¶ï¼š48 ms -------------
2022-04-01 11:28:34.467 INFO  com.byf.mywiki.filter.LogFilter                   :31   [32m164938968109027328[0;39m ------------- LogFilter ç»“æŸ è€—æ—¶ï¼š53 ms -------------
2022-04-01 11:29:48.055 INFO  o.s.scheduling.concurrent.ThreadPoolTaskExecutor  :218  [32m                  [0;39m Shutting down ExecutorService 'applicationTaskExecutor'
2022-04-01 11:29:48.055 INFO  com.zaxxer.hikari.HikariDataSource                :350  [32m                  [0;39m HikariPool-2 - Shutdown initiated...
2022-04-01 11:29:48.071 INFO  com.zaxxer.hikari.HikariDataSource                :352  [32m                  [0;39m HikariPool-2 - Shutdown completed.
2022-04-01 11:29:48.226 INFO  com.byf.mywiki.config.MywikiApplication           :55   [32m                  [0;39m Starting MywikiApplication using Java 1.8.0_181 on DESKTOP-5V0T0ET with PID 23792 (D:\mywiki2\target\classes started by Administrator in D:\mywiki2)
2022-04-01 11:29:48.227 INFO  com.byf.mywiki.config.MywikiApplication           :660  [32m                  [0;39m No active profile set, falling back to default profiles: default
2022-04-01 11:29:48.378 INFO  o.s.d.r.config.RepositoryConfigurationDelegate    :250  [32m                  [0;39m Multiple Spring Data modules found, entering strict repository configuration mode!
2022-04-01 11:29:48.378 INFO  o.s.d.r.config.RepositoryConfigurationDelegate    :128  [32m                  [0;39m Bootstrapping Spring Data Redis repositories in DEFAULT mode.
2022-04-01 11:29:48.381 INFO  o.s.d.r.config.RepositoryConfigurationDelegate    :188  [32m                  [0;39m Finished Spring Data repository scanning in 1 ms. Found 0 Redis repository interfaces.
2022-04-01 11:29:48.511 INFO  o.s.boot.web.embedded.tomcat.TomcatWebServer      :108  [32m                  [0;39m Tomcat initialized with port(s): 8880 (http)
2022-04-01 11:29:48.511 INFO  org.apache.coyote.http11.Http11NioProtocol        :173  [32m                  [0;39m Initializing ProtocolHandler ["http-nio-8880"]
2022-04-01 11:29:48.511 INFO  org.apache.catalina.core.StandardService          :173  [32m                  [0;39m Starting service [Tomcat]
2022-04-01 11:29:48.511 INFO  org.apache.catalina.core.StandardEngine           :173  [32m                  [0;39m Starting Servlet engine: [Apache Tomcat/9.0.39]
2022-04-01 11:29:48.538 INFO  o.a.c.core.ContainerBase.[Tomcat].[localhost].[/] :173  [32m                  [0;39m Initializing Spring embedded WebApplicationContext
2022-04-01 11:29:48.538 INFO  o.s.b.w.s.c.ServletWebServerApplicationContext    :289  [32m                  [0;39m Root WebApplicationContext: initialization completed in 306 ms
2022-04-01 11:29:48.707 INFO  o.s.scheduling.concurrent.ThreadPoolTaskExecutor  :181  [32m                  [0;39m Initializing ExecutorService 'applicationTaskExecutor'
2022-04-01 11:29:48.902 INFO  o.s.b.d.autoconfigure.OptionalLiveReloadServer    :58   [32m                  [0;39m LiveReload server is running on port 35729
2022-04-01 11:29:48.909 INFO  org.apache.coyote.http11.Http11NioProtocol        :173  [32m                  [0;39m Starting ProtocolHandler ["http-nio-8880"]
2022-04-01 11:29:48.919 INFO  o.s.boot.web.embedded.tomcat.TomcatWebServer      :220  [32m                  [0;39m Tomcat started on port(s): 8880 (http) with context path ''
2022-04-01 11:29:48.923 INFO  com.byf.mywiki.config.MywikiApplication           :61   [32m                  [0;39m Started MywikiApplication in 0.728 seconds (JVM running for 258.984)
2022-04-01 11:29:48.924 INFO  o.s.b.d.a.ConditionEvaluationDeltaLoggingListener :63   [32m                  [0;39m Condition evaluation unchanged
2022-04-01 11:29:48.924 INFO  com.byf.mywiki.config.MywikiApplication           :24   [32m                  [0;39m å¯åŠ¨æˆåŠŸï¼ï¼
2022-04-01 11:29:48.924 INFO  com.byf.mywiki.config.MywikiApplication           :25   [32m                  [0;39m åœ°å€: 	http://127.0.0.1:8880
2022-04-01 11:29:56.169 INFO  com.byf.mywiki.config.MywikiApplication           :55   [32m                  [0;39m Starting MywikiApplication using Java 1.8.0_181 on DESKTOP-5V0T0ET with PID 19108 (D:\mywiki2\target\classes started by Administrator in D:\mywiki2)
2022-04-01 11:29:56.175 INFO  com.byf.mywiki.config.MywikiApplication           :660  [32m                  [0;39m No active profile set, falling back to default profiles: default
2022-04-01 11:29:56.176 INFO  org.hibernate.validator.internal.util.Version     :21   [32m                  [0;39m HV000001: Hibernate Validator 6.1.6.Final
2022-04-01 11:29:56.223 INFO  o.s.b.d.env.DevToolsPropertyDefaultsPostProcessor :255  [32m                  [0;39m Devtools property defaults active! Set 'spring.devtools.add-properties' to 'false' to disable
2022-04-01 11:29:56.223 INFO  o.s.b.d.env.DevToolsPropertyDefaultsPostProcessor :255  [32m                  [0;39m For additional web related logging consider setting the 'logging.level.web' property to 'DEBUG'
2022-04-01 11:29:56.745 INFO  o.s.d.r.config.RepositoryConfigurationDelegate    :250  [32m                  [0;39m Multiple Spring Data modules found, entering strict repository configuration mode!
2022-04-01 11:29:56.746 INFO  o.s.d.r.config.RepositoryConfigurationDelegate    :128  [32m                  [0;39m Bootstrapping Spring Data Redis repositories in DEFAULT mode.
2022-04-01 11:29:56.760 INFO  o.s.d.r.config.RepositoryConfigurationDelegate    :188  [32m                  [0;39m Finished Spring Data repository scanning in 3 ms. Found 0 Redis repository interfaces.
2022-04-01 11:29:57.343 INFO  o.s.boot.web.embedded.tomcat.TomcatWebServer      :108  [32m                  [0;39m Tomcat initialized with port(s): 8880 (http)
2022-04-01 11:29:57.348 INFO  org.apache.coyote.http11.Http11NioProtocol        :173  [32m                  [0;39m Initializing ProtocolHandler ["http-nio-8880"]
2022-04-01 11:29:57.348 INFO  org.apache.catalina.core.StandardService          :173  [32m                  [0;39m Starting service [Tomcat]
2022-04-01 11:29:57.348 INFO  org.apache.catalina.core.StandardEngine           :173  [32m                  [0;39m Starting Servlet engine: [Apache Tomcat/9.0.39]
2022-04-01 11:29:57.424 INFO  o.a.c.core.ContainerBase.[Tomcat].[localhost].[/] :173  [32m                  [0;39m Initializing Spring embedded WebApplicationContext
2022-04-01 11:29:57.425 INFO  o.s.b.w.s.c.ServletWebServerApplicationContext    :289  [32m                  [0;39m Root WebApplicationContext: initialization completed in 1200 ms
2022-04-01 11:29:57.851 INFO  o.s.scheduling.concurrent.ThreadPoolTaskExecutor  :181  [32m                  [0;39m Initializing ExecutorService 'applicationTaskExecutor'
2022-04-01 11:29:58.352 INFO  o.s.b.d.autoconfigure.OptionalLiveReloadServer    :58   [32m                  [0;39m LiveReload server is running on port 35729
2022-04-01 11:29:58.366 INFO  org.apache.coyote.http11.Http11NioProtocol        :173  [32m                  [0;39m Starting ProtocolHandler ["http-nio-8880"]
2022-04-01 11:29:58.386 INFO  o.s.boot.web.embedded.tomcat.TomcatWebServer      :220  [32m                  [0;39m Tomcat started on port(s): 8880 (http) with context path ''
2022-04-01 11:29:58.394 INFO  com.byf.mywiki.config.MywikiApplication           :61   [32m                  [0;39m Started MywikiApplication in 2.57 seconds (JVM running for 3.778)
2022-04-01 11:29:58.398 INFO  com.byf.mywiki.config.MywikiApplication           :24   [32m                  [0;39m å¯åŠ¨æˆåŠŸï¼ï¼
2022-04-01 11:29:58.398 INFO  com.byf.mywiki.config.MywikiApplication           :25   [32m                  [0;39m åœ°å€: 	http://127.0.0.1:8880
2022-04-01 11:30:04.529 INFO  o.a.c.core.ContainerBase.[Tomcat].[localhost].[/] :173  [32m                  [0;39m Initializing Spring DispatcherServlet 'dispatcherServlet'
2022-04-01 11:30:04.530 INFO  org.springframework.web.servlet.DispatcherServlet :525  [32m                  [0;39m Initializing Servlet 'dispatcherServlet'
2022-04-01 11:30:04.531 INFO  org.springframework.web.servlet.DispatcherServlet :547  [32m                  [0;39m Completed initialization in 1 ms
2022-04-01 11:30:04.536 INFO  com.byf.mywiki.filter.LogFilter                   :25   [32m                  [0;39m ------------- LogFilter å¼€å§‹ -------------
2022-04-01 11:30:04.536 INFO  com.byf.mywiki.filter.LogFilter                   :26   [32m                  [0;39m è¯·æ±‚åœ°å€: http://localhost:8880/ebook/list GET
2022-04-01 11:30:04.537 INFO  com.byf.mywiki.filter.LogFilter                   :27   [32m                  [0;39m è¿œç¨‹åœ°å€: 127.0.0.1
2022-04-01 11:30:04.556 INFO  com.byf.mywiki.aspect.LogAspect                   :53   [32m164939346183589888[0;39m ------------- å¼€å§‹ -------------
2022-04-01 11:30:04.557 INFO  com.byf.mywiki.aspect.LogAspect                   :54   [32m164939346183589888[0;39m è¯·æ±‚åœ°å€: http://localhost:8880/ebook/list GET
2022-04-01 11:30:04.557 INFO  com.byf.mywiki.aspect.LogAspect                   :55   [32m164939346183589888[0;39m ç±»åæ–¹æ³•: com.byf.mywiki.controller.EbookController.list
2022-04-01 11:30:04.557 INFO  com.byf.mywiki.aspect.LogAspect                   :56   [32m164939346183589888[0;39m è¿œç¨‹åœ°å€: 127.0.0.1
2022-04-01 11:30:04.612 INFO  com.byf.mywiki.aspect.LogAspect                   :78   [32m164939346183589888[0;39m è¯·æ±‚å‚æ•°: [{}]
2022-04-01 11:30:04.650 INFO  com.zaxxer.hikari.HikariDataSource                :110  [32m164939346183589888[0;39m HikariPool-1 - Starting...
2022-04-01 11:30:04.779 INFO  com.zaxxer.hikari.HikariDataSource                :123  [32m164939346183589888[0;39m HikariPool-1 - Start completed.
2022-04-01 11:30:04.809 DEBUG c.b.m.mapper.EbookMapper.selectByExample_COUNT    :137  [32m164939346183589888[0;39m ==>  Preparing: SELECT count(0) FROM ebook
2022-04-01 11:30:04.828 DEBUG c.b.m.mapper.EbookMapper.selectByExample_COUNT    :137  [32m164939346183589888[0;39m ==> Parameters: 
2022-04-01 11:30:04.846 TRACE c.b.m.mapper.EbookMapper.selectByExample_COUNT    :143  [32m164939346183589888[0;39m <==    Columns: count(0)
2022-04-01 11:30:04.846 TRACE c.b.m.mapper.EbookMapper.selectByExample_COUNT    :143  [32m164939346183589888[0;39m <==        Row: 4
2022-04-01 11:30:04.848 DEBUG c.b.m.mapper.EbookMapper.selectByExample_COUNT    :137  [32m164939346183589888[0;39m <==      Total: 1
2022-04-01 11:30:04.850 DEBUG com.byf.mywiki.mapper.EbookMapper.selectByExample :137  [32m164939346183589888[0;39m ==>  Preparing: select id, `name`, category1_id, category2_id, description, cover, doc_count, view_count, vote_count from ebook LIMIT ?
2022-04-01 11:30:04.851 DEBUG com.byf.mywiki.mapper.EbookMapper.selectByExample :137  [32m164939346183589888[0;39m ==> Parameters: 3(Integer)
2022-04-01 11:30:04.855 TRACE com.byf.mywiki.mapper.EbookMapper.selectByExample :143  [32m164939346183589888[0;39m <==    Columns: id, name, category1_id, category2_id, description, cover, doc_count, view_count, vote_count
2022-04-01 11:30:04.855 TRACE com.byf.mywiki.mapper.EbookMapper.selectByExample :143  [32m164939346183589888[0;39m <==        Row: 1, Springboot, null, null, javaå…¥é—¨, /image/cover1.png, null, null, null
2022-04-01 11:30:04.857 TRACE com.byf.mywiki.mapper.EbookMapper.selectByExample :143  [32m164939346183589888[0;39m <==        Row: 2, Spring, null, null, javaå…¥é—¨, /image/cover2.png, null, null, null
2022-04-01 11:30:04.857 TRACE com.byf.mywiki.mapper.EbookMapper.selectByExample :143  [32m164939346183589888[0;39m <==        Row: 3, SpringMVC, null, null, javaå…¥é—¨, null, null, null, null
2022-04-01 11:30:04.858 DEBUG com.byf.mywiki.mapper.EbookMapper.selectByExample :137  [32m164939346183589888[0;39m <==      Total: 3
2022-04-01 11:30:04.871 INFO  com.byf.mywiki.aspect.LogAspect                   :90   [32m164939346183589888[0;39m è¿”å›žç»“æžœ: {"content":[{"cover":"/image/cover1.png","description":"javaå…¥é—¨","id":1,"name":"Springboot"},{"cover":"/image/cover2.png","description":"javaå…¥é—¨","id":2,"name":"Spring"},{"description":"javaå…¥é—¨","id":3,"name":"SpringMVC"}],"success":true}
2022-04-01 11:30:04.871 INFO  com.byf.mywiki.aspect.LogAspect                   :91   [32m164939346183589888[0;39m ------------- ç»“æŸ è€—æ—¶ï¼š316 ms -------------
2022-04-01 11:30:04.924 INFO  com.byf.mywiki.filter.LogFilter                   :31   [32m164939346183589888[0;39m ------------- LogFilter ç»“æŸ è€—æ—¶ï¼š387 ms -------------
2022-04-01 11:38:14.090 INFO  o.s.scheduling.concurrent.ThreadPoolTaskExecutor  :218  [32m                  [0;39m Shutting down ExecutorService 'applicationTaskExecutor'
2022-04-01 11:38:14.091 INFO  com.zaxxer.hikari.HikariDataSource                :350  [32m                  [0;39m HikariPool-1 - Shutdown initiated...
2022-04-01 11:38:14.106 INFO  com.zaxxer.hikari.HikariDataSource                :352  [32m                  [0;39m HikariPool-1 - Shutdown completed.
2022-04-01 11:38:14.248 INFO  com.byf.mywiki.config.MywikiApplication           :55   [32m                  [0;39m Starting MywikiApplication using Java 1.8.0_181 on DESKTOP-5V0T0ET with PID 19108 (D:\mywiki2\target\classes started by Administrator in D:\mywiki2)
2022-04-01 11:38:14.249 INFO  com.byf.mywiki.config.MywikiApplication           :660  [32m                  [0;39m No active profile set, falling back to default profiles: default
2022-04-01 11:38:14.403 INFO  o.s.d.r.config.RepositoryConfigurationDelegate    :250  [32m                  [0;39m Multiple Spring Data modules found, entering strict repository configuration mode!
2022-04-01 11:38:14.403 INFO  o.s.d.r.config.RepositoryConfigurationDelegate    :128  [32m                  [0;39m Bootstrapping Spring Data Redis repositories in DEFAULT mode.
2022-04-01 11:38:14.404 INFO  o.s.d.r.config.RepositoryConfigurationDelegate    :188  [32m                  [0;39m Finished Spring Data repository scanning in 1 ms. Found 0 Redis repository interfaces.
2022-04-01 11:38:14.544 INFO  o.s.boot.web.embedded.tomcat.TomcatWebServer      :108  [32m                  [0;39m Tomcat initialized with port(s): 8880 (http)
2022-04-01 11:38:14.544 INFO  org.apache.coyote.http11.Http11NioProtocol        :173  [32m                  [0;39m Initializing ProtocolHandler ["http-nio-8880"]
2022-04-01 11:38:14.544 INFO  org.apache.catalina.core.StandardService          :173  [32m                  [0;39m Starting service [Tomcat]
2022-04-01 11:38:14.545 INFO  org.apache.catalina.core.StandardEngine           :173  [32m                  [0;39m Starting Servlet engine: [Apache Tomcat/9.0.39]
2022-04-01 11:38:14.573 INFO  o.a.c.core.ContainerBase.[Tomcat].[localhost].[/] :173  [32m                  [0;39m Initializing Spring embedded WebApplicationContext
2022-04-01 11:38:14.573 INFO  o.s.b.w.s.c.ServletWebServerApplicationContext    :289  [32m                  [0;39m Root WebApplicationContext: initialization completed in 321 ms
2022-04-01 11:38:14.749 INFO  o.s.scheduling.concurrent.ThreadPoolTaskExecutor  :181  [32m                  [0;39m Initializing ExecutorService 'applicationTaskExecutor'
2022-04-01 11:38:14.976 INFO  o.s.b.d.autoconfigure.OptionalLiveReloadServer    :58   [32m                  [0;39m LiveReload server is running on port 35729
2022-04-01 11:38:14.987 INFO  org.apache.coyote.http11.Http11NioProtocol        :173  [32m                  [0;39m Starting ProtocolHandler ["http-nio-8880"]
2022-04-01 11:38:14.994 INFO  o.s.boot.web.embedded.tomcat.TomcatWebServer      :220  [32m                  [0;39m Tomcat started on port(s): 8880 (http) with context path ''
2022-04-01 11:38:14.997 INFO  com.byf.mywiki.config.MywikiApplication           :61   [32m                  [0;39m Started MywikiApplication in 0.794 seconds (JVM running for 500.381)
2022-04-01 11:38:15.000 INFO  o.s.b.d.a.ConditionEvaluationDeltaLoggingListener :63   [32m                  [0;39m Condition evaluation unchanged
2022-04-01 11:38:15.000 INFO  com.byf.mywiki.config.MywikiApplication           :24   [32m                  [0;39m å¯åŠ¨æˆåŠŸï¼ï¼
2022-04-01 11:38:15.000 INFO  com.byf.mywiki.config.MywikiApplication           :25   [32m                  [0;39m åœ°å€: 	http://127.0.0.1:8880
2022-04-01 11:39:24.759 INFO  o.s.scheduling.concurrent.ThreadPoolTaskExecutor  :218  [32m                  [0;39m Shutting down ExecutorService 'applicationTaskExecutor'
2022-04-01 11:39:24.894 INFO  com.byf.mywiki.config.MywikiApplication           :55   [32m                  [0;39m Starting MywikiApplication using Java 1.8.0_181 on DESKTOP-5V0T0ET with PID 19108 (D:\mywiki2\target\classes started by Administrator in D:\mywiki2)
2022-04-01 11:39:24.894 INFO  com.byf.mywiki.config.MywikiApplication           :660  [32m                  [0;39m No active profile set, falling back to default profiles: default
2022-04-01 11:39:25.028 INFO  o.s.d.r.config.RepositoryConfigurationDelegate    :250  [32m                  [0;39m Multiple Spring Data modules found, entering strict repository configuration mode!
2022-04-01 11:39:25.028 INFO  o.s.d.r.config.RepositoryConfigurationDelegate    :128  [32m                  [0;39m Bootstrapping Spring Data Redis repositories in DEFAULT mode.
2022-04-01 11:39:25.030 INFO  o.s.d.r.config.RepositoryConfigurationDelegate    :188  [32m                  [0;39m Finished Spring Data repository scanning in 1 ms. Found 0 Redis repository interfaces.
2022-04-01 11:39:25.158 INFO  o.s.boot.web.embedded.tomcat.TomcatWebServer      :108  [32m                  [0;39m Tomcat initialized with port(s): 8880 (http)
2022-04-01 11:39:25.158 INFO  org.apache.coyote.http11.Http11NioProtocol        :173  [32m                  [0;39m Initializing ProtocolHandler ["http-nio-8880"]
2022-04-01 11:39:25.158 INFO  org.apache.catalina.core.StandardService          :173  [32m                  [0;39m Starting service [Tomcat]
2022-04-01 11:39:25.159 INFO  org.apache.catalina.core.StandardEngine           :173  [32m                  [0;39m Starting Servlet engine: [Apache Tomcat/9.0.39]
2022-04-01 11:39:25.184 INFO  o.a.c.core.ContainerBase.[Tomcat].[localhost].[/] :173  [32m                  [0;39m Initializing Spring embedded WebApplicationContext
2022-04-01 11:39:25.184 INFO  o.s.b.w.s.c.ServletWebServerApplicationContext    :289  [32m                  [0;39m Root WebApplicationContext: initialization completed in 288 ms
2022-04-01 11:39:25.353 INFO  o.s.scheduling.concurrent.ThreadPoolTaskExecutor  :181  [32m                  [0;39m Initializing ExecutorService 'applicationTaskExecutor'
2022-04-01 11:39:25.536 INFO  o.s.b.d.autoconfigure.OptionalLiveReloadServer    :58   [32m                  [0;39m LiveReload server is running on port 35729
2022-04-01 11:39:25.542 INFO  org.apache.coyote.http11.Http11NioProtocol        :173  [32m                  [0;39m Starting ProtocolHandler ["http-nio-8880"]
2022-04-01 11:39:25.550 INFO  o.s.boot.web.embedded.tomcat.TomcatWebServer      :220  [32m                  [0;39m Tomcat started on port(s): 8880 (http) with context path ''
2022-04-01 11:39:25.554 INFO  com.byf.mywiki.config.MywikiApplication           :61   [32m                  [0;39m Started MywikiApplication in 0.687 seconds (JVM running for 570.937)
2022-04-01 11:39:25.555 INFO  o.s.b.d.a.ConditionEvaluationDeltaLoggingListener :63   [32m                  [0;39m Condition evaluation unchanged
2022-04-01 11:39:25.555 INFO  com.byf.mywiki.config.MywikiApplication           :24   [32m                  [0;39m å¯åŠ¨æˆåŠŸï¼ï¼
2022-04-01 11:39:25.555 INFO  com.byf.mywiki.config.MywikiApplication           :25   [32m                  [0;39m åœ°å€: 	http://127.0.0.1:8880
2022-04-01 11:39:37.174 INFO  o.a.c.core.ContainerBase.[Tomcat].[localhost].[/] :173  [32m                  [0;39m Initializing Spring DispatcherServlet 'dispatcherServlet'
2022-04-01 11:39:37.175 INFO  org.springframework.web.servlet.DispatcherServlet :525  [32m                  [0;39m Initializing Servlet 'dispatcherServlet'
2022-04-01 11:39:37.176 INFO  org.springframework.web.servlet.DispatcherServlet :547  [32m                  [0;39m Completed initialization in 1 ms
2022-04-01 11:39:37.176 INFO  com.byf.mywiki.filter.LogFilter                   :25   [32m                  [0;39m ------------- LogFilter å¼€å§‹ -------------
2022-04-01 11:39:37.176 INFO  com.byf.mywiki.filter.LogFilter                   :26   [32m                  [0;39m è¯·æ±‚åœ°å€: http://localhost:8880/ebook/list GET
2022-04-01 11:39:37.177 INFO  com.byf.mywiki.filter.LogFilter                   :27   [32m                  [0;39m è¿œç¨‹åœ°å€: 127.0.0.1
2022-04-01 11:39:37.231 INFO  com.byf.mywiki.aspect.LogAspect                   :53   [32m164941748160827392[0;39m ------------- å¼€å§‹ -------------
2022-04-01 11:39:37.232 INFO  com.byf.mywiki.aspect.LogAspect                   :54   [32m164941748160827392[0;39m è¯·æ±‚åœ°å€: http://localhost:8880/ebook/list GET
2022-04-01 11:39:37.232 INFO  com.byf.mywiki.aspect.LogAspect                   :55   [32m164941748160827392[0;39m ç±»åæ–¹æ³•: com.byf.mywiki.controller.EbookController.list
2022-04-01 11:39:37.232 INFO  com.byf.mywiki.aspect.LogAspect                   :56   [32m164941748160827392[0;39m è¿œç¨‹åœ°å€: 127.0.0.1
2022-04-01 11:39:37.234 INFO  com.byf.mywiki.aspect.LogAspect                   :78   [32m164941748160827392[0;39m è¯·æ±‚å‚æ•°: [{"page":0,"size":0}]
2022-04-01 11:39:37.240 INFO  com.zaxxer.hikari.HikariDataSource                :110  [32m164941748160827392[0;39m HikariPool-2 - Starting...
2022-04-01 11:39:37.253 INFO  com.zaxxer.hikari.HikariDataSource                :123  [32m164941748160827392[0;39m HikariPool-2 - Start completed.
2022-04-01 11:39:37.254 DEBUG c.b.m.mapper.EbookMapper.selectByExample_COUNT    :137  [32m164941748160827392[0;39m ==>  Preparing: SELECT count(0) FROM ebook
2022-04-01 11:39:37.254 DEBUG c.b.m.mapper.EbookMapper.selectByExample_COUNT    :137  [32m164941748160827392[0;39m ==> Parameters: 
2022-04-01 11:39:37.257 TRACE c.b.m.mapper.EbookMapper.selectByExample_COUNT    :143  [32m164941748160827392[0;39m <==    Columns: count(0)
2022-04-01 11:39:37.257 TRACE c.b.m.mapper.EbookMapper.selectByExample_COUNT    :143  [32m164941748160827392[0;39m <==        Row: 4
2022-04-01 11:39:37.258 DEBUG c.b.m.mapper.EbookMapper.selectByExample_COUNT    :137  [32m164941748160827392[0;39m <==      Total: 1
2022-04-01 11:39:37.259 DEBUG com.byf.mywiki.mapper.EbookMapper.selectByExample :137  [32m164941748160827392[0;39m ==>  Preparing: select id, `name`, category1_id, category2_id, description, cover, doc_count, view_count, vote_count from ebook
2022-04-01 11:39:37.259 DEBUG com.byf.mywiki.mapper.EbookMapper.selectByExample :137  [32m164941748160827392[0;39m ==> Parameters: 
2022-04-01 11:39:37.262 TRACE com.byf.mywiki.mapper.EbookMapper.selectByExample :143  [32m164941748160827392[0;39m <==    Columns: id, name, category1_id, category2_id, description, cover, doc_count, view_count, vote_count
2022-04-01 11:39:37.262 TRACE com.byf.mywiki.mapper.EbookMapper.selectByExample :143  [32m164941748160827392[0;39m <==        Row: 1, Springboot, null, null, javaå…¥é—¨, /image/cover1.png, null, null, null
2022-04-01 11:39:37.263 TRACE com.byf.mywiki.mapper.EbookMapper.selectByExample :143  [32m164941748160827392[0;39m <==        Row: 2, Spring, null, null, javaå…¥é—¨, /image/cover2.png, null, null, null
2022-04-01 11:39:37.264 TRACE com.byf.mywiki.mapper.EbookMapper.selectByExample :143  [32m164941748160827392[0;39m <==        Row: 3, SpringMVC, null, null, javaå…¥é—¨, null, null, null, null
2022-04-01 11:39:37.265 TRACE com.byf.mywiki.mapper.EbookMapper.selectByExample :143  [32m164941748160827392[0;39m <==        Row: 4, Mybatis, null, null, javaå…¥é—¨, null, null, null, null
2022-04-01 11:39:37.265 DEBUG com.byf.mywiki.mapper.EbookMapper.selectByExample :137  [32m164941748160827392[0;39m <==      Total: 4
2022-04-01 11:39:37.267 INFO  com.byf.mywiki.service.EbookService               :88   [32m164941748160827392[0;39m æ€»è¡Œæ•°ï¼š4
2022-04-01 11:39:37.267 INFO  com.byf.mywiki.service.EbookService               :89   [32m164941748160827392[0;39m æ€»é¡µæ•°ï¼š0
2022-04-01 11:39:37.274 INFO  com.byf.mywiki.aspect.LogAspect                   :90   [32m164941748160827392[0;39m è¿”å›žç»“æžœ: {"content":{"list":[{"cover":"/image/cover1.png","description":"javaå…¥é—¨","id":1,"name":"Springboot"},{"cover":"/image/cover2.png","description":"javaå…¥é—¨","id":2,"name":"Spring"},{"description":"javaå…¥é—¨","id":3,"name":"SpringMVC"},{"description":"javaå…¥é—¨","id":4,"name":"Mybatis"}],"total":4},"success":true}
2022-04-01 11:39:37.274 INFO  com.byf.mywiki.aspect.LogAspect                   :91   [32m164941748160827392[0;39m ------------- ç»“æŸ è€—æ—¶ï¼š43 ms -------------
2022-04-01 11:39:37.277 INFO  com.byf.mywiki.filter.LogFilter                   :31   [32m164941748160827392[0;39m ------------- LogFilter ç»“æŸ è€—æ—¶ï¼š100 ms -------------
2022-04-01 11:39:41.711 INFO  com.byf.mywiki.filter.LogFilter                   :25   [32m                  [0;39m ------------- LogFilter å¼€å§‹ -------------
2022-04-01 11:39:41.712 INFO  com.byf.mywiki.filter.LogFilter                   :26   [32m                  [0;39m è¯·æ±‚åœ°å€: http://localhost:8880/ebook/list GET
2022-04-01 11:39:41.712 INFO  com.byf.mywiki.filter.LogFilter                   :27   [32m                  [0;39m è¿œç¨‹åœ°å€: 127.0.0.1
2022-04-01 11:39:41.713 INFO  com.byf.mywiki.aspect.LogAspect                   :53   [32m164941766959697920[0;39m ------------- å¼€å§‹ -------------
2022-04-01 11:39:41.713 INFO  com.byf.mywiki.aspect.LogAspect                   :54   [32m164941766959697920[0;39m è¯·æ±‚åœ°å€: http://localhost:8880/ebook/list GET
2022-04-01 11:39:41.713 INFO  com.byf.mywiki.aspect.LogAspect                   :55   [32m164941766959697920[0;39m ç±»åæ–¹æ³•: com.byf.mywiki.controller.EbookController.list
2022-04-01 11:39:41.713 INFO  com.byf.mywiki.aspect.LogAspect                   :56   [32m164941766959697920[0;39m è¿œç¨‹åœ°å€: 127.0.0.1
2022-04-01 11:39:41.714 INFO  com.byf.mywiki.aspect.LogAspect                   :78   [32m164941766959697920[0;39m è¯·æ±‚å‚æ•°: [{"page":0,"size":0}]
2022-04-01 11:39:41.717 DEBUG c.b.m.mapper.EbookMapper.selectByExample_COUNT    :137  [32m164941766959697920[0;39m ==>  Preparing: SELECT count(0) FROM ebook
2022-04-01 11:39:41.718 DEBUG c.b.m.mapper.EbookMapper.selectByExample_COUNT    :137  [32m164941766959697920[0;39m ==> Parameters: 
2022-04-01 11:39:41.720 TRACE c.b.m.mapper.EbookMapper.selectByExample_COUNT    :143  [32m164941766959697920[0;39m <==    Columns: count(0)
2022-04-01 11:39:41.720 TRACE c.b.m.mapper.EbookMapper.selectByExample_COUNT    :143  [32m164941766959697920[0;39m <==        Row: 4
2022-04-01 11:39:41.721 DEBUG c.b.m.mapper.EbookMapper.selectByExample_COUNT    :137  [32m164941766959697920[0;39m <==      Total: 1
2022-04-01 11:39:41.721 DEBUG com.byf.mywiki.mapper.EbookMapper.selectByExample :137  [32m164941766959697920[0;39m ==>  Preparing: select id, `name`, category1_id, category2_id, description, cover, doc_count, view_count, vote_count from ebook
2022-04-01 11:39:41.722 DEBUG com.byf.mywiki.mapper.EbookMapper.selectByExample :137  [32m164941766959697920[0;39m ==> Parameters: 
2022-04-01 11:39:41.724 TRACE com.byf.mywiki.mapper.EbookMapper.selectByExample :143  [32m164941766959697920[0;39m <==    Columns: id, name, category1_id, category2_id, description, cover, doc_count, view_count, vote_count
2022-04-01 11:39:41.725 TRACE com.byf.mywiki.mapper.EbookMapper.selectByExample :143  [32m164941766959697920[0;39m <==        Row: 1, Springboot, null, null, javaå…¥é—¨, /image/cover1.png, null, null, null
2022-04-01 11:39:41.726 TRACE com.byf.mywiki.mapper.EbookMapper.selectByExample :143  [32m164941766959697920[0;39m <==        Row: 2, Spring, null, null, javaå…¥é—¨, /image/cover2.png, null, null, null
2022-04-01 11:39:41.726 TRACE com.byf.mywiki.mapper.EbookMapper.selectByExample :143  [32m164941766959697920[0;39m <==        Row: 3, SpringMVC, null, null, javaå…¥é—¨, null, null, null, null
2022-04-01 11:39:41.727 TRACE com.byf.mywiki.mapper.EbookMapper.selectByExample :143  [32m164941766959697920[0;39m <==        Row: 4, Mybatis, null, null, javaå…¥é—¨, null, null, null, null
2022-04-01 11:39:41.727 DEBUG com.byf.mywiki.mapper.EbookMapper.selectByExample :137  [32m164941766959697920[0;39m <==      Total: 4
2022-04-01 11:39:41.727 INFO  com.byf.mywiki.service.EbookService               :88   [32m164941766959697920[0;39m æ€»è¡Œæ•°ï¼š4
2022-04-01 11:39:41.728 INFO  com.byf.mywiki.service.EbookService               :89   [32m164941766959697920[0;39m æ€»é¡µæ•°ï¼š0
2022-04-01 11:39:41.728 INFO  com.byf.mywiki.aspect.LogAspect                   :90   [32m164941766959697920[0;39m è¿”å›žç»“æžœ: {"content":{"list":[{"cover":"/image/cover1.png","description":"javaå…¥é—¨","id":1,"name":"Springboot"},{"cover":"/image/cover2.png","description":"javaå…¥é—¨","id":2,"name":"Spring"},{"description":"javaå…¥é—¨","id":3,"name":"SpringMVC"},{"description":"javaå…¥é—¨","id":4,"name":"Mybatis"}],"total":4},"success":true}
2022-04-01 11:39:41.728 INFO  com.byf.mywiki.aspect.LogAspect                   :91   [32m164941766959697920[0;39m ------------- ç»“æŸ è€—æ—¶ï¼š15 ms -------------
2022-04-01 11:39:41.730 INFO  com.byf.mywiki.filter.LogFilter                   :31   [32m164941766959697920[0;39m ------------- LogFilter ç»“æŸ è€—æ—¶ï¼š18 ms -------------
